[INFO] Scanning for projects...
[INFO] 
[INFO] -------------------< com.lostcity:lost-city-backend >-------------------
[INFO] Building LostCity Backend 1.0.0
[INFO]   from pom.xml
[INFO] --------------------------------[ jar ]---------------------------------
[INFO] 
[INFO] >>> spring-boot:3.2.1:run (default-cli) > test-compile @ lost-city-backend >>>
[INFO] 
[INFO] --- resources:3.3.1:resources (default-resources) @ lost-city-backend ---
[INFO] Copying 1 resource from src/main/resources to target/classes
[INFO] Copying 0 resource from src/main/resources to target/classes
[INFO] 
[INFO] --- compiler:3.11.0:compile (default-compile) @ lost-city-backend ---
[INFO] Nothing to compile - all classes are up to date
[INFO] 
[INFO] --- resources:3.3.1:testResources (default-testResources) @ lost-city-backend ---
[INFO] skip non existing resourceDirectory /Users/shashikumarezhil/Documents/SECTOR-17 /lostCity/backend/src/test/resources
[INFO] 
[INFO] --- compiler:3.11.0:testCompile (default-testCompile) @ lost-city-backend ---
[INFO] No sources to compile
[INFO] 
[INFO] <<< spring-boot:3.2.1:run (default-cli) < test-compile @ lost-city-backend <<<
[INFO] 
[INFO] 
[INFO] --- spring-boot:3.2.1:run (default-cli) @ lost-city-backend ---
[INFO] Attaching agents: []

  .   ____          _            __ _ _
 /\\ / ___'_ __ _ _(_)_ __  __ _ \ \ \ \
( ( )\___ | '_ | '_| | '_ \/ _` | \ \ \ \
 \\/  ___)| |_)| | | | | || (_| |  ) ) ) )
  '  |____| .__|_| |_|_| |_\__, | / / / /
 =========|_|==============|___/=/_/_/_/
 :: Spring Boot ::                (v3.2.1)

2025-12-19T02:54:31.453+05:30  INFO 38033 --- [lost-city-backend] [           main] com.lostcity.LostCityApplication         : Starting LostCityApplication using Java 21.0.9 with PID 38033 (/Users/shashikumarezhil/Documents/SECTOR-17 /lostCity/backend/target/classes started by shashikumarezhil in /Users/shashikumarezhil/Documents/SECTOR-17 /lostCity/backend)
2025-12-19T02:54:31.454+05:30  INFO 38033 --- [lost-city-backend] [           main] com.lostcity.LostCityApplication         : No active profile set, falling back to 1 default profile: "default"
2025-12-19T02:54:31.775+05:30  INFO 38033 --- [lost-city-backend] [           main] .s.d.r.c.RepositoryConfigurationDelegate : Bootstrapping Spring Data MongoDB repositories in DEFAULT mode.
2025-12-19T02:54:31.801+05:30  INFO 38033 --- [lost-city-backend] [           main] .s.d.r.c.RepositoryConfigurationDelegate : Finished Spring Data repository scanning in 24 ms. Found 9 MongoDB repository interfaces.
2025-12-19T02:54:32.012+05:30  INFO 38033 --- [lost-city-backend] [           main] o.s.b.w.embedded.tomcat.TomcatWebServer  : Tomcat initialized with port 8080 (http)
2025-12-19T02:54:32.019+05:30  INFO 38033 --- [lost-city-backend] [           main] o.apache.catalina.core.StandardService   : Starting service [Tomcat]
2025-12-19T02:54:32.019+05:30  INFO 38033 --- [lost-city-backend] [           main] o.apache.catalina.core.StandardEngine    : Starting Servlet engine: [Apache Tomcat/10.1.17]
2025-12-19T02:54:32.043+05:30  INFO 38033 --- [lost-city-backend] [           main] o.a.c.c.C.[Tomcat].[localhost].[/]       : Initializing Spring embedded WebApplicationContext
2025-12-19T02:54:32.043+05:30  INFO 38033 --- [lost-city-backend] [           main] w.s.c.ServletWebServerApplicationContext : Root WebApplicationContext: initialization completed in 574 ms
2025-12-19T02:54:32.150+05:30  INFO 38033 --- [lost-city-backend] [           main] org.mongodb.driver.client                : MongoClient with metadata {"application": {"name": "LostCity"}, "driver": {"name": "mongo-java-driver|sync|spring-boot", "version": "4.11.1"}, "os": {"type": "Darwin", "name": "Mac OS X", "architecture": "aarch64", "version": "15.5"}, "platform": "Java/Oracle Corporation/21.0.9+7-LTS-338"} created with settings MongoClientSettings{readPreference=primary, writeConcern=WriteConcern{w=majority, wTimeout=null ms, journal=null}, retryWrites=true, retryReads=true, readConcern=ReadConcern{level=null}, credential=MongoCredential{mechanism=null, userName='shashikumarezhil_db_user', source='admin', password=<hidden>, mechanismProperties=<hidden>}, transportSettings=null, streamFactoryFactory=null, commandListeners=[], codecRegistry=ProvidersCodecRegistry{codecProviders=[ValueCodecProvider{}, BsonValueCodecProvider{}, DBRefCodecProvider{}, DBObjectCodecProvider{}, DocumentCodecProvider{}, CollectionCodecProvider{}, IterableCodecProvider{}, MapCodecProvider{}, GeoJsonCodecProvider{}, GridFSFileCodecProvider{}, Jsr310CodecProvider{}, JsonObjectCodecProvider{}, BsonCodecProvider{}, EnumCodecProvider{}, com.mongodb.client.model.mql.ExpressionCodecProvider@6048e26a, com.mongodb.Jep395RecordCodecProvider@50b93353, com.mongodb.KotlinCodecProvider@44286963]}, loggerSettings=LoggerSettings{maxDocumentLength=1000}, clusterSettings={hosts=[127.0.0.1:27017], srvHost=lostcity.1g3rszx.mongodb.net, srvServiceName=mongodb, mode=MULTIPLE, requiredClusterType=REPLICA_SET, requiredReplicaSetName='atlas-fv56o3-shard-0', serverSelector='null', clusterListeners='[]', serverSelectionTimeout='30000 ms', localThreshold='15 ms'}, socketSettings=SocketSettings{connectTimeoutMS=10000, readTimeoutMS=0, receiveBufferSize=0, proxySettings=ProxySettings{host=null, port=null, username=null, password=null}}, heartbeatSocketSettings=SocketSettings{connectTimeoutMS=10000, readTimeoutMS=10000, receiveBufferSize=0, proxySettings=ProxySettings{host=null, port=null, username=null, password=null}}, connectionPoolSettings=ConnectionPoolSettings{maxSize=100, minSize=0, maxWaitTimeMS=120000, maxConnectionLifeTimeMS=0, maxConnectionIdleTimeMS=0, maintenanceInitialDelayMS=0, maintenanceFrequencyMS=60000, connectionPoolListeners=[], maxConnecting=2}, serverSettings=ServerSettings{heartbeatFrequencyMS=10000, minHeartbeatFrequencyMS=500, serverListeners='[]', serverMonitorListeners='[]'}, sslSettings=SslSettings{enabled=true, invalidHostNameAllowed=false, context=null}, applicationName='LostCity', compressorList=[], uuidRepresentation=JAVA_LEGACY, serverApi=null, autoEncryptionSettings=null, dnsClient=null, inetAddressResolver=null, contextProvider=null}
2025-12-19T02:54:32.219+05:30  INFO 38033 --- [lost-city-backend] [szx.mongodb.net] org.mongodb.driver.cluster               : Adding discovered server ac-awtjeot-shard-00-02.1g3rszx.mongodb.net:27017 to client view of cluster
2025-12-19T02:54:32.229+05:30  INFO 38033 --- [lost-city-backend] [szx.mongodb.net] org.mongodb.driver.cluster               : Adding discovered server ac-awtjeot-shard-00-00.1g3rszx.mongodb.net:27017 to client view of cluster
2025-12-19T02:54:32.237+05:30  INFO 38033 --- [lost-city-backend] [szx.mongodb.net] org.mongodb.driver.cluster               : Adding discovered server ac-awtjeot-shard-00-01.1g3rszx.mongodb.net:27017 to client view of cluster
2025-12-19T02:54:32.633+05:30  INFO 38033 --- [lost-city-backend] [ngodb.net:27017] org.mongodb.driver.cluster               : Monitor thread successfully connected to server with description ServerDescription{address=ac-awtjeot-shard-00-01.1g3rszx.mongodb.net:27017, type=REPLICA_SET_SECONDARY, state=CONNECTED, ok=true, minWireVersion=0, maxWireVersion=25, maxDocumentSize=16777216, logicalSessionTimeoutMinutes=30, roundTripTimeNanos=203638083, setName='atlas-fv56o3-shard-0', canonicalAddress=ac-awtjeot-shard-00-01.1g3rszx.mongodb.net:27017, hosts=[ac-awtjeot-shard-00-00.1g3rszx.mongodb.net:27017, ac-awtjeot-shard-00-02.1g3rszx.mongodb.net:27017, ac-awtjeot-shard-00-01.1g3rszx.mongodb.net:27017], passives=[], arbiters=[], primary='ac-awtjeot-shard-00-02.1g3rszx.mongodb.net:27017', tagSet=TagSet{[Tag{name='availabilityZone', value='aps1-az3'}, Tag{name='diskState', value='READY'}, Tag{name='nodeType', value='ELECTABLE'}, Tag{name='provider', value='AWS'}, Tag{name='region', value='AP_SOUTH_1'}, Tag{name='workloadType', value='OPERATIONAL'}]}, electionId=null, setVersion=187, topologyVersion=TopologyVersion{processId=6942c6438b133630c5c1ee79, counter=3}, lastWriteDate=Fri Dec 19 02:54:32 IST 2025, lastUpdateTimeNanos=63300312069416}
2025-12-19T02:54:32.633+05:30  INFO 38033 --- [lost-city-backend] [ngodb.net:27017] org.mongodb.driver.cluster               : Monitor thread successfully connected to server with description ServerDescription{address=ac-awtjeot-shard-00-02.1g3rszx.mongodb.net:27017, type=REPLICA_SET_PRIMARY, state=CONNECTED, ok=true, minWireVersion=0, maxWireVersion=25, maxDocumentSize=16777216, logicalSessionTimeoutMinutes=30, roundTripTimeNanos=204841833, setName='atlas-fv56o3-shard-0', canonicalAddress=ac-awtjeot-shard-00-02.1g3rszx.mongodb.net:27017, hosts=[ac-awtjeot-shard-00-00.1g3rszx.mongodb.net:27017, ac-awtjeot-shard-00-02.1g3rszx.mongodb.net:27017, ac-awtjeot-shard-00-01.1g3rszx.mongodb.net:27017], passives=[], arbiters=[], primary='ac-awtjeot-shard-00-02.1g3rszx.mongodb.net:27017', tagSet=TagSet{[Tag{name='availabilityZone', value='aps1-az2'}, Tag{name='diskState', value='READY'}, Tag{name='nodeType', value='ELECTABLE'}, Tag{name='provider', value='AWS'}, Tag{name='region', value='AP_SOUTH_1'}, Tag{name='workloadType', value='OPERATIONAL'}]}, electionId=7fffffff00000000000001c4, setVersion=187, topologyVersion=TopologyVersion{processId=6942c5f5e734151a719f1afb, counter=6}, lastWriteDate=Fri Dec 19 02:54:32 IST 2025, lastUpdateTimeNanos=63300312067791}
2025-12-19T02:54:32.633+05:30  INFO 38033 --- [lost-city-backend] [ngodb.net:27017] org.mongodb.driver.cluster               : Monitor thread successfully connected to server with description ServerDescription{address=ac-awtjeot-shard-00-00.1g3rszx.mongodb.net:27017, type=REPLICA_SET_SECONDARY, state=CONNECTED, ok=true, minWireVersion=0, maxWireVersion=25, maxDocumentSize=16777216, logicalSessionTimeoutMinutes=30, roundTripTimeNanos=202707875, setName='atlas-fv56o3-shard-0', canonicalAddress=ac-awtjeot-shard-00-00.1g3rszx.mongodb.net:27017, hosts=[ac-awtjeot-shard-00-00.1g3rszx.mongodb.net:27017, ac-awtjeot-shard-00-02.1g3rszx.mongodb.net:27017, ac-awtjeot-shard-00-01.1g3rszx.mongodb.net:27017], passives=[], arbiters=[], primary='ac-awtjeot-shard-00-02.1g3rszx.mongodb.net:27017', tagSet=TagSet{[Tag{name='availabilityZone', value='aps1-az1'}, Tag{name='diskState', value='READY'}, Tag{name='nodeType', value='ELECTABLE'}, Tag{name='provider', value='AWS'}, Tag{name='region', value='AP_SOUTH_1'}, Tag{name='workloadType', value='OPERATIONAL'}]}, electionId=null, setVersion=187, topologyVersion=TopologyVersion{processId=6942c5a1688e5a69d29c28a8, counter=4}, lastWriteDate=Fri Dec 19 02:54:32 IST 2025, lastUpdateTimeNanos=63300312067833}
2025-12-19T02:54:32.637+05:30  INFO 38033 --- [lost-city-backend] [ngodb.net:27017] org.mongodb.driver.cluster               : Discovered replica set primary ac-awtjeot-shard-00-02.1g3rszx.mongodb.net:27017 with max election id 7fffffff00000000000001c4 and max set version 187
2025-12-19T02:54:32.774+05:30  INFO 38033 --- [lost-city-backend] [           main] o.s.s.web.DefaultSecurityFilterChain     : Will secure any request with [org.springframework.security.web.session.DisableEncodeUrlFilter@1f9a7684, org.springframework.security.web.context.request.async.WebAsyncManagerIntegrationFilter@3b30eec5, org.springframework.security.web.context.SecurityContextHolderFilter@5871a482, org.springframework.security.web.header.HeaderWriterFilter@5f3f3d00, org.springframework.web.filter.CorsFilter@43755e2f, org.springframework.security.web.authentication.logout.LogoutFilter@6fced25c, com.lostcity.security.JwtAuthenticationFilter@77aea, org.springframework.security.web.savedrequest.RequestCacheAwareFilter@296676c4, org.springframework.security.web.servletapi.SecurityContextHolderAwareRequestFilter@df7d1d4, org.springframework.security.web.authentication.AnonymousAuthenticationFilter@3d71e10b, org.springframework.security.web.session.SessionManagementFilter@37e55819, org.springframework.security.web.access.ExceptionTranslationFilter@722b2728, org.springframework.security.web.access.intercept.AuthorizationFilter@1de73d37]
2025-12-19T02:54:32.906+05:30  INFO 38033 --- [lost-city-backend] [           main] o.s.b.w.embedded.tomcat.TomcatWebServer  : Tomcat started on port 8080 (http) with context path ''
2025-12-19T02:54:32.910+05:30  INFO 38033 --- [lost-city-backend] [           main] com.lostcity.LostCityApplication         : Started LostCityApplication in 1.611 seconds (process running for 1.747)
2025-12-19T02:54:57.693+05:30  INFO 38033 --- [lost-city-backend] [nio-8080-exec-1] o.a.c.c.C.[Tomcat].[localhost].[/]       : Initializing Spring DispatcherServlet 'dispatcherServlet'
2025-12-19T02:54:57.693+05:30  INFO 38033 --- [lost-city-backend] [nio-8080-exec-1] o.s.web.servlet.DispatcherServlet        : Initializing Servlet 'dispatcherServlet'
2025-12-19T02:54:57.698+05:30  INFO 38033 --- [lost-city-backend] [nio-8080-exec-1] o.s.web.servlet.DispatcherServlet        : Completed initialization in 5 ms
2025-12-19T02:54:57.720+05:30  INFO 38033 --- [lost-city-backend] [nio-8080-exec-2] c.l.security.JwtAuthenticationFilter     : Processing request: /api/claims/my-lost-items with JWT: present
2025-12-19T02:54:57.720+05:30  INFO 38033 --- [lost-city-backend] [nio-8080-exec-2] c.lostcity.security.ClerkTokenVerifier   : Verifying Clerk token...
2025-12-19T02:54:57.720+05:30  INFO 38033 --- [lost-city-backend] [nio-8080-exec-2] c.lostcity.security.ClerkTokenVerifier   : JWT Payload: {"azp":"http://localhost:3000","exp":1766093152,"fva":[4,-1],"iat":1766093092,"iss":"https://precise-bee-37.clerk.accounts.dev","nbf":1766093082,"sid":"sess_372EXF5o6FMvVjKIs2dxRRGyj5J","sts":"active","sub":"user_36xxY5dPJoQkBZrhBGTZ6UtBCrM","v":2}
2025-12-19T02:54:57.720+05:30  INFO 38033 --- [lost-city-backend] [nio-8080-exec-2] c.lostcity.security.ClerkTokenVerifier   : Extracted from token - clerkId: user_36xxY5dPJoQkBZrhBGTZ6UtBCrM, email: null
2025-12-19T02:54:58.023+05:30  INFO 38033 --- [lost-city-backend] [nio-8080-exec-2] c.lostcity.security.ClerkTokenVerifier   : Found existing user: user_36xxY5dPJoQkBZrhBGTZ6UtBCrM@clerk.user
2025-12-19T02:54:58.023+05:30  INFO 38033 --- [lost-city-backend] [nio-8080-exec-2] c.l.security.JwtAuthenticationFilter     : Clerk authentication successful for user: user_36xxY5dPJoQkBZrhBGTZ6UtBCrM@clerk.user
2025-12-19T02:55:27.621+05:30  INFO 38033 --- [lost-city-backend] [nio-8080-exec-5] c.l.security.JwtAuthenticationFilter     : Processing request: /api/claims/my-lost-items with JWT: present
2025-12-19T02:55:27.622+05:30  INFO 38033 --- [lost-city-backend] [nio-8080-exec-5] c.lostcity.security.ClerkTokenVerifier   : Verifying Clerk token...
2025-12-19T02:55:27.622+05:30  INFO 38033 --- [lost-city-backend] [nio-8080-exec-5] c.lostcity.security.ClerkTokenVerifier   : JWT Payload: {"azp":"http://localhost:3000","exp":1766093152,"fva":[4,-1],"iat":1766093092,"iss":"https://precise-bee-37.clerk.accounts.dev","nbf":1766093082,"sid":"sess_372EXF5o6FMvVjKIs2dxRRGyj5J","sts":"active","sub":"user_36xxY5dPJoQkBZrhBGTZ6UtBCrM","v":2}
2025-12-19T02:55:27.622+05:30  INFO 38033 --- [lost-city-backend] [nio-8080-exec-5] c.lostcity.security.ClerkTokenVerifier   : Extracted from token - clerkId: user_36xxY5dPJoQkBZrhBGTZ6UtBCrM, email: null
2025-12-19T02:55:27.670+05:30  INFO 38033 --- [lost-city-backend] [nio-8080-exec-5] c.lostcity.security.ClerkTokenVerifier   : Found existing user: user_36xxY5dPJoQkBZrhBGTZ6UtBCrM@clerk.user
2025-12-19T02:55:27.670+05:30  INFO 38033 --- [lost-city-backend] [nio-8080-exec-5] c.l.security.JwtAuthenticationFilter     : Clerk authentication successful for user: user_36xxY5dPJoQkBZrhBGTZ6UtBCrM@clerk.user
